<?xml version="1.0" encoding="UTF-8"?>
<testsuite xmlns:xsi="http://www.w3.org/2001/XMLSchema-instance" xsi:noNamespaceSchemaLocation="https://maven.apache.org/surefire/maven-surefire-plugin/xsd/surefire-test-report.xsd" version="3.0.2" name="com.praveen.spring_boot.demo.mycoolapp.MySpringBootApplicationTests" time="1.796" tests="1" errors="0" skipped="0" failures="0">
  <properties>
[...]
</properties>
  <testcase name="contextLoads" classname="com.praveen.spring_boot.demo.mycoolapp.MySpringBootApplicationTests" time="0.444">
    <system-out><![CDATA[19:18:07.766 [main] INFO org.springframework.test.context.support.AnnotationConfigContextLoaderUtils -- Could not detect default configuration classes for test class [com.praveen.spring_boot.demo.mycoolapp.MySpringBootApplicationTests]: MySpringBootApplicationTests does not declare any static, non-private, non-final, nested classes annotated with @Configuration.
19:18:07.819 [main] INFO org.springframework.boot.test.context.SpringBootTestContextBootstrapper -- Found @SpringBootConfiguration com.praveen.spring_boot.demo.mycoolapp.MySpringBootApplication for test class com.praveen.spring_boot.demo.mycoolapp.MySpringBootApplicationTests
19:18:07.892 [main] INFO org.springframework.boot.devtools.restart.RestartApplicationListener -- Restart disabled due to context in which it is running

  .   ____          _            __ _ _
 /\\ / ___'_ __ _ _(_)_ __  __ _ \ \ \ \
( ( )\___ | '_ | '_| | '_ \/ _` | \ \ \ \
 \\/  ___)| |_)| | | | | || (_| |  ) ) ) )
  '  |____| .__|_| |_|_| |_\__, | / / / /
 =========|_|==============|___/=/_/_/_/

 :: Spring Boot ::                (v3.4.0)

2024-12-19T19:18:08.010+08:00  INFO 6661 --- [mycoolapp] [           main] c.p.s.d.m.MySpringBootApplicationTests   : Starting MySpringBootApplicationTests using Java 23.0.1 with PID 6661 (started by praveenkumarthangaraj in /Users/praveenkumarthangaraj/Documents/SpringBoot/dev-spring-boot/01-spring-boot-overview/03-spring-boot-actuator-demo)
2024-12-19T19:18:08.010+08:00  INFO 6661 --- [mycoolapp] [           main] c.p.s.d.m.MySpringBootApplicationTests   : No active profile set, falling back to 1 default profile: "default"
2024-12-19T19:18:08.819+08:00  WARN 6661 --- [mycoolapp] [           main] .s.s.UserDetailsServiceAutoConfiguration : 

Using generated security password: f1b8659c-705a-45ba-801e-79f2577ca6dd

This generated password is for development use only. Your security configuration must be updated before running your application in production.

2024-12-19T19:18:08.835+08:00  INFO 6661 --- [mycoolapp] [           main] r$InitializeUserDetailsManagerConfigurer : Global AuthenticationManager configured with UserDetailsService bean with name inMemoryUserDetailsManager
2024-12-19T19:18:08.916+08:00  INFO 6661 --- [mycoolapp] [           main] o.s.b.a.e.web.EndpointLinksResolver      : Exposing 12 endpoints beneath base path '/actuator'
2024-12-19T19:18:08.974+08:00  INFO 6661 --- [mycoolapp] [           main] c.p.s.d.m.MySpringBootApplicationTests   : Started MySpringBootApplicationTests in 1.088 seconds (process running for 1.535)
]]></system-out>
    <system-err><![CDATA[Mockito is currently self-attaching to enable the inline-mock-maker. This will no longer work in future releases of the JDK. Please add Mockito as an agent to your build what is described in Mockito's documentation: https://javadoc.io/doc/org.mockito/mockito-core/latest/org/mockito/Mockito.html#0.3
WARNING: A Java agent has been loaded dynamically (/Users/praveenkumarthangaraj/.m2/repository/net/bytebuddy/byte-buddy-agent/1.15.10/byte-buddy-agent-1.15.10.jar)
WARNING: If a serviceability tool is in use, please run with -XX:+EnableDynamicAgentLoading to hide this warning
WARNING: If a serviceability tool is not in use, please run with -Djdk.instrument.traceUsage for more information
WARNING: Dynamic loading of agents will be disallowed by default in a future release
]]></system-err>
  </testcase>
</testsuite>